time="2022-10-06T13:43:01.857428852Z" level=debug msg="Create shim"
time="2022-10-06T13:43:01.857446117Z" level=debug msg="***************************"
time="2022-10-06T13:43:01.857459263Z" level=debug msg="Args: [/usr/local/bin/containerd-shim-runsc-v1 -namespace k8s.io -address /run/containerd/containerd.sock -publish-binary /usr/bin/containerd]"
time="2022-10-06T13:43:01.857467806Z" level=debug msg="PID: 5744"
time="2022-10-06T13:43:01.857472914Z" level=debug msg="ID: 094dd09636d33b2d96488bb0ccb5281b0dae9bd26845186402d16577e4812121"
time="2022-10-06T13:43:01.857488555Z" level=debug msg="Options: {ShimCgroup: IoUID:0 IoGID:0 BinaryName: Root: LogLevel:debug LogPath:/var/log/runsc/%ID%/shim.log RunscConfig:map[debug:true debug-log:/var/log/runsc/%ID%/gvisor.%COMMAND%.log]}"
time="2022-10-06T13:43:01.857496079Z" level=debug msg="Bundle: /run/containerd/io.containerd.runtime.v2.task/k8s.io/094dd09636d33b2d96488bb0ccb5281b0dae9bd26845186402d16577e4812121"
time="2022-10-06T13:43:01.857502953Z" level=debug msg="Terminal: false"
time="2022-10-06T13:43:01.857507963Z" level=debug msg="stdin: "
time="2022-10-06T13:43:01.857512640Z" level=debug msg="stdout: "
time="2022-10-06T13:43:01.857517537Z" level=debug msg="stderr: "
time="2022-10-06T13:43:01.857522209Z" level=debug msg="***************************"
time="2022-10-06T13:43:01.857582842Z" level=debug msg="For full process dump run: kill -12 5744"
time="2022-10-06T13:43:01.861958899Z" level=debug msg="Executing: [runsc --root=/run/containerd/runsc/k8s.io --log=/run/containerd/io.containerd.runtime.v2.task/k8s.io/094dd09636d33b2d96488bb0ccb5281b0dae9bd26845186402d16577e4812121/log.json --log-format=json --debug=true --debug-log=/var/log/runsc/094dd09636d33b2d96488bb0ccb5281b0dae9bd26845186402d16577e4812121/gvisor.%COMMAND%.log create --bundle /run/containerd/io.containerd.runtime.v2.task/k8s.io/094dd09636d33b2d96488bb0ccb5281b0dae9bd26845186402d16577e4812121 --pid-file /run/containerd/io.containerd.runtime.v2.task/k8s.io/094dd09636d33b2d96488bb0ccb5281b0dae9bd26845186402d16577e4812121/init.pid --user-log /var/log/pods/dmarinov_nginx-7d577bf9c6-n4m8d_3d6523c3-ac3f-4f51-bd36-ca6b432568d7/gvisor.log 094dd09636d33b2d96488bb0ccb5281b0dae9bd26845186402d16577e4812121]"
time="2022-10-06T13:43:01.899148110Z" level=debug msg="State, id: 094dd09636d33b2d96488bb0ccb5281b0dae9bd26845186402d16577e4812121, execID: "
time="2022-10-06T13:43:02.062165736Z" level=debug msg="Command exit code: 0, err: <nil>"
time="2022-10-06T13:43:02.071833635Z" level=debug msg="Executing: [runsc --root=/run/containerd/runsc/k8s.io --log=/run/containerd/io.containerd.runtime.v2.task/k8s.io/094dd09636d33b2d96488bb0ccb5281b0dae9bd26845186402d16577e4812121/log.json --log-format=json --debug=true --debug-log=/var/log/runsc/094dd09636d33b2d96488bb0ccb5281b0dae9bd26845186402d16577e4812121/gvisor.%COMMAND%.log state 094dd09636d33b2d96488bb0ccb5281b0dae9bd26845186402d16577e4812121]"
time="2022-10-06T13:43:02.077534554Z" level=debug msg="Connect, id: 094dd09636d33b2d96488bb0ccb5281b0dae9bd26845186402d16577e4812121"
time="2022-10-06T13:43:02.078304702Z" level=debug msg="Connect, id: 094dd09636d33b2d96488bb0ccb5281b0dae9bd26845186402d16577e4812121"
time="2022-10-06T13:43:02.078656411Z" level=debug msg="Wait, id: 094dd09636d33b2d96488bb0ccb5281b0dae9bd26845186402d16577e4812121, execID: "
time="2022-10-06T13:43:02.078604355Z" level=debug msg="Start, id: 094dd09636d33b2d96488bb0ccb5281b0dae9bd26845186402d16577e4812121, execID: "
time="2022-10-06T13:43:02.110368956Z" level=debug msg="Command exit code: 0, err: <nil>"
time="2022-10-06T13:43:02.110499381Z" level=debug msg="State succeeded, response: &StateResponse{ID:094dd09636d33b2d96488bb0ccb5281b0dae9bd26845186402d16577e4812121,Bundle:/run/containerd/io.containerd.runtime.v2.task/k8s.io/094dd09636d33b2d96488bb0ccb5281b0dae9bd26845186402d16577e4812121,Pid:5795,Status:CREATED,Stdin:,Stdout:,Stderr:,Terminal:false,ExitStatus:0,ExitedAt:0001-01-01 00:00:00 +0000 UTC,ExecID:,XXX_unrecognized:[],}"
time="2022-10-06T13:43:02.110567134Z" level=debug msg="Executing: [runsc --root=/run/containerd/runsc/k8s.io --log=/run/containerd/io.containerd.runtime.v2.task/k8s.io/094dd09636d33b2d96488bb0ccb5281b0dae9bd26845186402d16577e4812121/log.json --log-format=json --debug=true --debug-log=/var/log/runsc/094dd09636d33b2d96488bb0ccb5281b0dae9bd26845186402d16577e4812121/gvisor.%COMMAND%.log start 094dd09636d33b2d96488bb0ccb5281b0dae9bd26845186402d16577e4812121]"
time="2022-10-06T13:43:02.114433841Z" level=debug msg="State, id: 094dd09636d33b2d96488bb0ccb5281b0dae9bd26845186402d16577e4812121, execID: "
time="2022-10-06T13:43:02.187399118Z" level=debug msg="Command exit code: 0, err: <nil>"
time="2022-10-06T13:43:02.187533278Z" level=debug msg="Executing: [runsc --root=/run/containerd/runsc/k8s.io --log=/run/containerd/io.containerd.runtime.v2.task/k8s.io/094dd09636d33b2d96488bb0ccb5281b0dae9bd26845186402d16577e4812121/log.json --log-format=json --debug=true --debug-log=/var/log/runsc/094dd09636d33b2d96488bb0ccb5281b0dae9bd26845186402d16577e4812121/gvisor.%COMMAND%.log wait 094dd09636d33b2d96488bb0ccb5281b0dae9bd26845186402d16577e4812121]"
time="2022-10-06T13:43:02.188843324Z" level=debug msg="Executing: [runsc --root=/run/containerd/runsc/k8s.io --log=/run/containerd/io.containerd.runtime.v2.task/k8s.io/094dd09636d33b2d96488bb0ccb5281b0dae9bd26845186402d16577e4812121/log.json --log-format=json --debug=true --debug-log=/var/log/runsc/094dd09636d33b2d96488bb0ccb5281b0dae9bd26845186402d16577e4812121/gvisor.%COMMAND%.log state 094dd09636d33b2d96488bb0ccb5281b0dae9bd26845186402d16577e4812121]"
time="2022-10-06T13:43:02.197722586Z" level=debug msg="State, id: 094dd09636d33b2d96488bb0ccb5281b0dae9bd26845186402d16577e4812121, execID: "
time="2022-10-06T13:43:02.249727622Z" level=debug msg="Command exit code: 0, err: <nil>"
time="2022-10-06T13:43:02.250399909Z" level=debug msg="State succeeded, response: &StateResponse{ID:094dd09636d33b2d96488bb0ccb5281b0dae9bd26845186402d16577e4812121,Bundle:/run/containerd/io.containerd.runtime.v2.task/k8s.io/094dd09636d33b2d96488bb0ccb5281b0dae9bd26845186402d16577e4812121,Pid:5795,Status:RUNNING,Stdin:,Stdout:,Stderr:,Terminal:false,ExitStatus:0,ExitedAt:0001-01-01 00:00:00 +0000 UTC,ExecID:,XXX_unrecognized:[],}"
time="2022-10-06T13:43:02.250457261Z" level=debug msg="Executing: [runsc --root=/run/containerd/runsc/k8s.io --log=/run/containerd/io.containerd.runtime.v2.task/k8s.io/094dd09636d33b2d96488bb0ccb5281b0dae9bd26845186402d16577e4812121/log.json --log-format=json --debug=true --debug-log=/var/log/runsc/094dd09636d33b2d96488bb0ccb5281b0dae9bd26845186402d16577e4812121/gvisor.%COMMAND%.log state 094dd09636d33b2d96488bb0ccb5281b0dae9bd26845186402d16577e4812121]"
time="2022-10-06T13:43:02.282784919Z" level=debug msg="Command exit code: 0, err: <nil>"
time="2022-10-06T13:43:02.282881102Z" level=debug msg="State succeeded, response: &StateResponse{ID:094dd09636d33b2d96488bb0ccb5281b0dae9bd26845186402d16577e4812121,Bundle:/run/containerd/io.containerd.runtime.v2.task/k8s.io/094dd09636d33b2d96488bb0ccb5281b0dae9bd26845186402d16577e4812121,Pid:5795,Status:RUNNING,Stdin:,Stdout:,Stderr:,Terminal:false,ExitStatus:0,ExitedAt:0001-01-01 00:00:00 +0000 UTC,ExecID:,XXX_unrecognized:[],}"
time="2022-10-06T13:43:06.406019317Z" level=debug msg="State, id: 094dd09636d33b2d96488bb0ccb5281b0dae9bd26845186402d16577e4812121, execID: "
time="2022-10-06T13:43:06.406111784Z" level=debug msg="Executing: [runsc --root=/run/containerd/runsc/k8s.io --log=/run/containerd/io.containerd.runtime.v2.task/k8s.io/094dd09636d33b2d96488bb0ccb5281b0dae9bd26845186402d16577e4812121/log.json --log-format=json --debug=true --debug-log=/var/log/runsc/094dd09636d33b2d96488bb0ccb5281b0dae9bd26845186402d16577e4812121/gvisor.%COMMAND%.log state 094dd09636d33b2d96488bb0ccb5281b0dae9bd26845186402d16577e4812121]"
time="2022-10-06T13:43:06.438677312Z" level=debug msg="Command exit code: 0, err: <nil>"
time="2022-10-06T13:43:06.438768218Z" level=debug msg="State succeeded, response: &StateResponse{ID:094dd09636d33b2d96488bb0ccb5281b0dae9bd26845186402d16577e4812121,Bundle:/run/containerd/io.containerd.runtime.v2.task/k8s.io/094dd09636d33b2d96488bb0ccb5281b0dae9bd26845186402d16577e4812121,Pid:5795,Status:RUNNING,Stdin:,Stdout:,Stderr:,Terminal:false,ExitStatus:0,ExitedAt:0001-01-01 00:00:00 +0000 UTC,ExecID:,XXX_unrecognized:[],}"
